0 info it worked if it ends with ok
1 verbose cli [ '/Users/bobbyadiprabowo/.nvm/v5.9.0/bin/node',
1 verbose cli   '/Users/bobbyadiprabowo/.nvm/v5.9.0/bin/npm',
1 verbose cli   'start' ]
2 info using npm@3.7.3
3 info using node@v5.9.0
4 verbose run-script [ 'prestart', 'start', 'poststart' ]
5 info lifecycle angular2-seed@1.0.0~prestart: angular2-seed@1.0.0
6 silly lifecycle angular2-seed@1.0.0~prestart: no script for prestart, continuing
7 info lifecycle angular2-seed@1.0.0~start: angular2-seed@1.0.0
8 verbose lifecycle angular2-seed@1.0.0~start: unsafe-perm in lifecycle true
9 verbose lifecycle angular2-seed@1.0.0~start: PATH: /Users/bobbyadiprabowo/.nvm/v5.9.0/lib/node_modules/npm/bin/node-gyp-bin:/Users/bobbyadiprabowo/Workspace/angular_workspace/angular2-seed/node_modules/.bin:/Users/bobbyadiprabowo/.nvm/v5.9.0/bin:/Users/bobbyadiprabowo/.rvm/gems/ruby-2.2.2/bin:/Users/bobbyadiprabowo/.rvm/gems/ruby-2.2.2@global/bin:/Users/bobbyadiprabowo/.rvm/rubies/ruby-2.2.2/bin:/usr/local/sbin:/Users/bobbyadiprabowo/Workspace/SDK/google-cloud-sdk/bin:/usr/local/Cellar/ant/1.9.4/libexec/bin:/Users/bobbyadiprabowo/Workspace/SDK/cocos2d-x-3.3/templates:/Users/bobbyadiprabowo/Workspace/SDK/cocos2d-x-3.3:/Users/bobbyadiprabowo/Workspace/SDK/cocos2d-x-3.3/tools/cocos2d-console/bin:/Users/bobbyadiprabowo/.nvm/v5.9.0/bin:/usr/local/opt/go/libexec/bin:/usr/local/bin:/usr/local/bin:/usr/bin:/bin:/usr/sbin:/sbin:/opt/X11/bin:/usr/local/git/bin:/usr/local/go/bin:/Library/TeX/texbin:/usr/bin:/bin:/usr/sbin:/sbin:/Users/bobbyadiprabowo/Workspace/SDK/android-sdk/platform-tools:/Users/bobbyadiprabowo/Workspace/SDK/PebbleSDK-3.0-dp3/bin:/Users/bobbyadiprabowo/Workspace/SDK/android-sdk/tools:/Users/bobbyadiprabowo/Workspace/go_workspace/bin:/Users/bobbyadiprabowo/.rvm/bin:/usr/local/heroku/bin
10 verbose lifecycle angular2-seed@1.0.0~start: CWD: /Users/bobbyadiprabowo/Workspace/angular_workspace/angular2-seed
11 silly lifecycle angular2-seed@1.0.0~start: Args: [ '-c', 'tsc && concurrently "npm run tsc:w" "npm run lite" ' ]
12 silly lifecycle angular2-seed@1.0.0~start: Returned: code: 2  signal: null
13 info lifecycle angular2-seed@1.0.0~start: Failed to exec start script
14 verbose stack Error: angular2-seed@1.0.0 start: `tsc && concurrently "npm run tsc:w" "npm run lite" `
14 verbose stack Exit status 2
14 verbose stack     at EventEmitter.<anonymous> (/Users/bobbyadiprabowo/.nvm/v5.9.0/lib/node_modules/npm/lib/utils/lifecycle.js:239:16)
14 verbose stack     at emitTwo (events.js:100:13)
14 verbose stack     at EventEmitter.emit (events.js:185:7)
14 verbose stack     at ChildProcess.<anonymous> (/Users/bobbyadiprabowo/.nvm/v5.9.0/lib/node_modules/npm/lib/utils/spawn.js:24:14)
14 verbose stack     at emitTwo (events.js:100:13)
14 verbose stack     at ChildProcess.emit (events.js:185:7)
14 verbose stack     at maybeClose (internal/child_process.js:850:16)
14 verbose stack     at Process.ChildProcess._handle.onexit (internal/child_process.js:215:5)
15 verbose pkgid angular2-seed@1.0.0
16 verbose cwd /Users/bobbyadiprabowo/Workspace/angular_workspace/angular2-seed
17 error Darwin 15.5.0
18 error argv "/Users/bobbyadiprabowo/.nvm/v5.9.0/bin/node" "/Users/bobbyadiprabowo/.nvm/v5.9.0/bin/npm" "start"
19 error node v5.9.0
20 error npm  v3.7.3
21 error code ELIFECYCLE
22 error angular2-seed@1.0.0 start: `tsc && concurrently "npm run tsc:w" "npm run lite" `
22 error Exit status 2
23 error Failed at the angular2-seed@1.0.0 start script 'tsc && concurrently "npm run tsc:w" "npm run lite" '.
23 error Make sure you have the latest version of node.js and npm installed.
23 error If you do, this is most likely a problem with the angular2-seed package,
23 error not with npm itself.
23 error Tell the author that this fails on your system:
23 error     tsc && concurrently "npm run tsc:w" "npm run lite"
23 error You can get information on how to open an issue for this project with:
23 error     npm bugs angular2-seed
23 error Or if that isn't available, you can get their info via:
23 error     npm owner ls angular2-seed
23 error There is likely additional logging output above.
24 verbose exit [ 1, true ]
